2025-06-26 14:14:45,119 - INFO - main - Iniciando busca das ações
2025-06-26 14:15:11,848 - INFO - main - Tickets abaixo de R$5 adicionados aos arquivos JSON e CSV
2025-06-26 14:15:11,848 - INFO - main - Busca das ações concluida
2025-06-26 17:54:14,289 - INFO - main - Iniciando busca das ações
2025-06-26 17:54:17,781 - INFO - telegrambot - Mensagem via telegram enviada com sucesso
2025-06-26 17:54:25,317 - INFO - telegrambot - Mensagem via telegram enviada com sucesso
2025-06-26 17:54:26,703 - INFO - telegrambot - Mensagem via telegram enviada com sucesso
2025-06-26 17:54:41,212 - INFO - telegrambot - Mensagem via telegram enviada com sucesso
2025-06-26 17:54:43,858 - INFO - telegrambot - Mensagem via telegram enviada com sucesso
2025-06-26 17:54:45,692 - INFO - telegrambot - Mensagem via telegram enviada com sucesso
2025-06-26 17:54:46,760 - INFO - telegrambot - Mensagem via telegram enviada com sucesso
2025-06-26 17:54:49,945 - INFO - main - Tickets abaixo de R$5 adicionados aos arquivos JSON e CSV
2025-06-26 17:54:49,945 - INFO - main - Busca das ações concluida
2025-06-26 17:56:30,106 - INFO - main - Iniciando busca das ações
2025-06-26 17:56:59,162 - INFO - main - Tickets abaixo de R$2 adicionados aos arquivos JSON e CSV
2025-06-26 17:56:59,162 - INFO - main - Busca das ações concluida
2025-06-26 18:08:51,175 - INFO - main - Iniciando busca das ações
2025-06-26 18:09:18,932 - INFO - main - Tickets abaixo de R$2.0 adicionados aos arquivos JSON e CSV
2025-06-26 18:09:18,932 - INFO - main - Busca das ações concluida
2025-06-26 18:11:19,806 - INFO - main - Iniciando busca das ações
2025-06-26 18:11:49,766 - INFO - main - Tickets abaixo de R$1.5 adicionados aos arquivos JSON e CSV
2025-06-26 18:11:49,766 - INFO - main - Busca das ações concluida
